<?xml version="1.0" encoding="UTF-8"?>
<testsuite xmlns:xsi="http://www.w3.org/2001/XMLSchema-instance" xsi:noNamespaceSchemaLocation="https://maven.apache.org/surefire/maven-surefire-plugin/xsd/surefire-test-report-3.0.xsd" version="3.0" name="com.Strudent.StudentDataBE.StudentDataBeApplicationTests" time="1.911" tests="1" errors="0" skipped="0" failures="0">
  <properties>
[...]
</properties>
  <testcase name="contextLoads" classname="com.Strudent.StudentDataBE.StudentDataBeApplicationTests" time="0.437">
    <system-out><![CDATA[00:15:48.079 [main] INFO org.springframework.test.context.support.AnnotationConfigContextLoaderUtils -- Could not detect default configuration classes for test class [com.Strudent.StudentDataBE.StudentDataBeApplicationTests]: StudentDataBeApplicationTests does not declare any static, non-private, non-final, nested classes annotated with @Configuration.
00:15:48.129 [main] INFO org.springframework.boot.test.context.SpringBootTestContextBootstrapper -- Found @SpringBootConfiguration com.Strudent.StudentDataBE.StudentDataBeApplication for test class com.Strudent.StudentDataBE.StudentDataBeApplicationTests

  .   ____          _            __ _ _
 /\\ / ___'_ __ _ _(_)_ __  __ _ \ \ \ \
( ( )\___ | '_ | '_| | '_ \/ _` | \ \ \ \
 \\/  ___)| |_)| | | | | || (_| |  ) ) ) )
  '  |____| .__|_| |_|_| |_\__, | / / / /
 =========|_|==============|___/=/_/_/_/

 :: Spring Boot ::                (v3.3.2)

2024-07-31T00:15:48.329+05:30  INFO 61933 --- [StudentDataBE] [           main] c.S.S.StudentDataBeApplicationTests      : Starting StudentDataBeApplicationTests using Java 17.0.11 with PID 61933 (started by manavsingh in /Users/manavsingh/Documents/Spring_Projects/StudentDataBE)
2024-07-31T00:15:48.329+05:30  INFO 61933 --- [StudentDataBE] [           main] c.S.S.StudentDataBeApplicationTests      : No active profile set, falling back to 1 default profile: "default"
2024-07-31T00:15:48.727+05:30  INFO 61933 --- [StudentDataBE] [           main] .s.d.r.c.RepositoryConfigurationDelegate : Bootstrapping Spring Data MongoDB repositories in DEFAULT mode.
2024-07-31T00:15:48.752+05:30  INFO 61933 --- [StudentDataBE] [           main] .s.d.r.c.RepositoryConfigurationDelegate : Finished Spring Data repository scanning in 22 ms. Found 1 MongoDB repository interface.
2024-07-31T00:15:48.971+05:30  INFO 61933 --- [StudentDataBE] [           main] org.mongodb.driver.client                : MongoClient with metadata {"application": {"name": "Cluster0"}, "driver": {"name": "mongo-java-driver|sync|spring-boot", "version": "5.0.1"}, "os": {"type": "Darwin", "name": "Mac OS X", "architecture": "aarch64", "version": "14.5"}, "platform": "Java/Homebrew/17.0.11+0"} created with settings MongoClientSettings{readPreference=primary, writeConcern=WriteConcern{w=majority, wTimeout=null ms, journal=null}, retryWrites=true, retryReads=true, readConcern=ReadConcern{level=null}, credential=MongoCredential{mechanism=null, userName='manavs2110', source='admin', password=<hidden>, mechanismProperties=<hidden>}, transportSettings=null, commandListeners=[io.micrometer.core.instrument.binder.mongodb.MongoMetricsCommandListener@c3719e5], codecRegistry=ProvidersCodecRegistry{codecProviders=[ValueCodecProvider{}, BsonValueCodecProvider{}, DBRefCodecProvider{}, DBObjectCodecProvider{}, DocumentCodecProvider{}, CollectionCodecProvider{}, IterableCodecProvider{}, MapCodecProvider{}, GeoJsonCodecProvider{}, GridFSFileCodecProvider{}, Jsr310CodecProvider{}, JsonObjectCodecProvider{}, BsonCodecProvider{}, EnumCodecProvider{}, com.mongodb.client.model.mql.ExpressionCodecProvider@65c17e38, com.mongodb.Jep395RecordCodecProvider@5e180aaf, com.mongodb.KotlinCodecProvider@7015ebef]}, loggerSettings=LoggerSettings{maxDocumentLength=1000}, clusterSettings={hosts=[127.0.0.1:27017], srvHost=cluster0.k6kjx30.mongodb.net, srvServiceName=mongodb, mode=MULTIPLE, requiredClusterType=REPLICA_SET, requiredReplicaSetName='atlas-xsf57j-shard-0', serverSelector='null', clusterListeners='[]', serverSelectionTimeout='30000 ms', localThreshold='15 ms'}, socketSettings=SocketSettings{connectTimeoutMS=10000, readTimeoutMS=0, receiveBufferSize=0, proxySettings=ProxySettings{host=null, port=null, username=null, password=null}}, heartbeatSocketSettings=SocketSettings{connectTimeoutMS=10000, readTimeoutMS=10000, receiveBufferSize=0, proxySettings=ProxySettings{host=null, port=null, username=null, password=null}}, connectionPoolSettings=ConnectionPoolSettings{maxSize=100, minSize=0, maxWaitTimeMS=120000, maxConnectionLifeTimeMS=0, maxConnectionIdleTimeMS=0, maintenanceInitialDelayMS=0, maintenanceFrequencyMS=60000, connectionPoolListeners=[io.micrometer.core.instrument.binder.mongodb.MongoMetricsConnectionPoolListener@44592c39], maxConnecting=2}, serverSettings=ServerSettings{heartbeatFrequencyMS=10000, minHeartbeatFrequencyMS=500, serverListeners='[]', serverMonitorListeners='[]'}, sslSettings=SslSettings{enabled=true, invalidHostNameAllowed=false, context=null}, applicationName='Cluster0', compressorList=[], uuidRepresentation=JAVA_LEGACY, serverApi=null, autoEncryptionSettings=null, dnsClient=null, inetAddressResolver=null, contextProvider=null}
2024-07-31T00:15:48.978+05:30  INFO 61933 --- [StudentDataBE] [x30.mongodb.net] org.mongodb.driver.cluster               : Adding discovered server ac-f8ianra-shard-00-02.k6kjx30.mongodb.net:27017 to client view of cluster
2024-07-31T00:15:48.990+05:30  INFO 61933 --- [StudentDataBE] [x30.mongodb.net] org.mongodb.driver.cluster               : Adding discovered server ac-f8ianra-shard-00-00.k6kjx30.mongodb.net:27017 to client view of cluster
2024-07-31T00:15:48.992+05:30  INFO 61933 --- [StudentDataBE] [x30.mongodb.net] org.mongodb.driver.cluster               : Adding discovered server ac-f8ianra-shard-00-01.k6kjx30.mongodb.net:27017 to client view of cluster
2024-07-31T00:15:49.114+05:30  WARN 61933 --- [StudentDataBE] [           main] o.s.d.m.c.m.BasicMongoPersistentProperty : Customizing field name for id property 'com.Strudent.StudentDataBE.models.Students.id' is not allowed; Custom name ('id') will not be considered
2024-07-31T00:15:49.304+05:30  INFO 61933 --- [StudentDataBE] [ngodb.net:27017] org.mongodb.driver.cluster               : Monitor thread successfully connected to server with description ServerDescription{address=ac-f8ianra-shard-00-01.k6kjx30.mongodb.net:27017, type=REPLICA_SET_SECONDARY, state=CONNECTED, ok=true, minWireVersion=0, maxWireVersion=21, maxDocumentSize=16777216, logicalSessionTimeoutMinutes=30, roundTripTimeNanos=169834084, setName='atlas-xsf57j-shard-0', canonicalAddress=ac-f8ianra-shard-00-01.k6kjx30.mongodb.net:27017, hosts=[ac-f8ianra-shard-00-00.k6kjx30.mongodb.net:27017, ac-f8ianra-shard-00-02.k6kjx30.mongodb.net:27017, ac-f8ianra-shard-00-01.k6kjx30.mongodb.net:27017], passives=[], arbiters=[], primary='ac-f8ianra-shard-00-02.k6kjx30.mongodb.net:27017', tagSet=TagSet{[Tag{name='availabilityZone', value='aps1-az3'}, Tag{name='diskState', value='READY'}, Tag{name='nodeType', value='ELECTABLE'}, Tag{name='provider', value='AWS'}, Tag{name='region', value='AP_SOUTH_1'}, Tag{name='workloadType', value='OPERATIONAL'}]}, electionId=null, setVersion=130, topologyVersion=TopologyVersion{processId=66a782ec0598d63058b0ac6b, counter=3}, lastWriteDate=Wed Jul 31 00:15:49 IST 2024, lastUpdateTimeNanos=495976750374791}
2024-07-31T00:15:49.304+05:30  INFO 61933 --- [StudentDataBE] [ngodb.net:27017] org.mongodb.driver.cluster               : Monitor thread successfully connected to server with description ServerDescription{address=ac-f8ianra-shard-00-02.k6kjx30.mongodb.net:27017, type=REPLICA_SET_PRIMARY, state=CONNECTED, ok=true, minWireVersion=0, maxWireVersion=21, maxDocumentSize=16777216, logicalSessionTimeoutMinutes=30, roundTripTimeNanos=169768958, setName='atlas-xsf57j-shard-0', canonicalAddress=ac-f8ianra-shard-00-02.k6kjx30.mongodb.net:27017, hosts=[ac-f8ianra-shard-00-00.k6kjx30.mongodb.net:27017, ac-f8ianra-shard-00-02.k6kjx30.mongodb.net:27017, ac-f8ianra-shard-00-01.k6kjx30.mongodb.net:27017], passives=[], arbiters=[], primary='ac-f8ianra-shard-00-02.k6kjx30.mongodb.net:27017', tagSet=TagSet{[Tag{name='availabilityZone', value='aps1-az2'}, Tag{name='diskState', value='READY'}, Tag{name='nodeType', value='ELECTABLE'}, Tag{name='provider', value='AWS'}, Tag{name='region', value='AP_SOUTH_1'}, Tag{name='workloadType', value='OPERATIONAL'}]}, electionId=7fffffff0000000000000300, setVersion=130, topologyVersion=TopologyVersion{processId=66a780c28caa4eb3ce5f0f94, counter=6}, lastWriteDate=Wed Jul 31 00:15:49 IST 2024, lastUpdateTimeNanos=495976750401625}
2024-07-31T00:15:49.306+05:30  INFO 61933 --- [StudentDataBE] [ngodb.net:27017] org.mongodb.driver.cluster               : Discovered replica set primary ac-f8ianra-shard-00-02.k6kjx30.mongodb.net:27017 with max election id 7fffffff0000000000000300 and max set version 130
2024-07-31T00:15:49.308+05:30  INFO 61933 --- [StudentDataBE] [ngodb.net:27017] org.mongodb.driver.cluster               : Monitor thread successfully connected to server with description ServerDescription{address=ac-f8ianra-shard-00-00.k6kjx30.mongodb.net:27017, type=REPLICA_SET_SECONDARY, state=CONNECTED, ok=true, minWireVersion=0, maxWireVersion=21, maxDocumentSize=16777216, logicalSessionTimeoutMinutes=30, roundTripTimeNanos=177019209, setName='atlas-xsf57j-shard-0', canonicalAddress=ac-f8ianra-shard-00-00.k6kjx30.mongodb.net:27017, hosts=[ac-f8ianra-shard-00-00.k6kjx30.mongodb.net:27017, ac-f8ianra-shard-00-02.k6kjx30.mongodb.net:27017, ac-f8ianra-shard-00-01.k6kjx30.mongodb.net:27017], passives=[], arbiters=[], primary='ac-f8ianra-shard-00-02.k6kjx30.mongodb.net:27017', tagSet=TagSet{[Tag{name='availabilityZone', value='aps1-az1'}, Tag{name='diskState', value='READY'}, Tag{name='nodeType', value='ELECTABLE'}, Tag{name='provider', value='AWS'}, Tag{name='region', value='AP_SOUTH_1'}, Tag{name='workloadType', value='OPERATIONAL'}]}, electionId=null, setVersion=130, topologyVersion=TopologyVersion{processId=66a78199a8aca629a307d66f, counter=4}, lastWriteDate=Wed Jul 31 00:15:49 IST 2024, lastUpdateTimeNanos=495976755449250}
2024-07-31T00:15:49.408+05:30  INFO 61933 --- [StudentDataBE] [           main] o.s.b.a.e.web.EndpointLinksResolver      : Exposing 1 endpoint beneath base path '/actuator'
2024-07-31T00:15:49.444+05:30  INFO 61933 --- [StudentDataBE] [           main] c.S.S.StudentDataBeApplicationTests      : Started StudentDataBeApplicationTests in 1.249 seconds (process running for 1.698)
]]></system-out>
  </testcase>
</testsuite>